Release 14.7 - xst P.20131013 (nt64)
Copyright (c) 1995-2013 Xilinx, Inc.  All rights reserved.
--> Parameter TMPDIR set to xst/projnav.tmp


Total REAL time to Xst completion: 0.00 secs
Total CPU time to Xst completion: 0.07 secs
 
--> Parameter xsthdpdir set to xst


Total REAL time to Xst completion: 0.00 secs
Total CPU time to Xst completion: 0.07 secs
 
--> Reading design: count.prj

TABLE OF CONTENTS
  1) Synthesis Options Summary
  2) HDL Parsing
  3) HDL Elaboration
  4) HDL Synthesis
       4.1) HDL Synthesis Report
  5) Advanced HDL Synthesis
       5.1) Advanced HDL Synthesis Report
  6) Low Level Synthesis
  7) Partition Report
  8) Design Summary
       8.1) Primitive and Black Box Usage
       8.2) Device utilization summary
       8.3) Partition Resource Summary
       8.4) Timing Report
            8.4.1) Clock Information
            8.4.2) Asynchronous Control Signals Information
            8.4.3) Timing Summary
            8.4.4) Timing Details
            8.4.5) Cross Clock Domains Report


=========================================================================
*                      Synthesis Options Summary                        *
=========================================================================
---- Source Parameters
Input File Name                    : "count.prj"
Ignore Synthesis Constraint File   : NO

---- Target Parameters
Output File Name                   : "count"
Output Format                      : NGC
Target Device                      : xc7a100t-3-csg324

---- Source Options
Top Module Name                    : count
Automatic FSM Extraction           : YES
FSM Encoding Algorithm             : Auto
Safe Implementation                : No
FSM Style                          : LUT
RAM Extraction                     : Yes
RAM Style                          : Auto
ROM Extraction                     : Yes
Shift Register Extraction          : YES
ROM Style                          : Auto
Resource Sharing                   : YES
Asynchronous To Synchronous        : NO
Shift Register Minimum Size        : 2
Use DSP Block                      : Auto
Automatic Register Balancing       : No

---- Target Options
LUT Combining                      : Auto
Reduce Control Sets                : Auto
Add IO Buffers                     : YES
Global Maximum Fanout              : 100000
Add Generic Clock Buffer(BUFG)     : 32
Register Duplication               : YES
Optimize Instantiated Primitives   : NO
Use Clock Enable                   : Auto
Use Synchronous Set                : Auto
Use Synchronous Reset              : Auto
Pack IO Registers into IOBs        : Auto
Equivalent register Removal        : YES

---- General Options
Optimization Goal                  : Speed
Optimization Effort                : 1
Power Reduction                    : NO
Keep Hierarchy                     : No
Netlist Hierarchy                  : As_Optimized
RTL Output                         : Yes
Global Optimization                : AllClockNets
Read Cores                         : YES
Write Timing Constraints           : NO
Cross Clock Analysis               : NO
Hierarchy Separator                : /
Bus Delimiter                      : <>
Case Specifier                     : Maintain
Slice Utilization Ratio            : 100
BRAM Utilization Ratio             : 100
DSP48 Utilization Ratio            : 100
Auto BRAM Packing                  : NO
Slice Utilization Ratio Delta      : 5

=========================================================================


=========================================================================
*                          HDL Parsing                                  *
=========================================================================
Analyzing Verilog file "C:\Users\86135\Desktop\CO\self\pre_study\verilog\cscore_count\count.v" into library work
Parsing module <count>.
ERROR:HDLCompiler:255 - "C:\Users\86135\Desktop\CO\self\pre_study\verilog\cscore_count\count.v" Line 33: Cannot assign to memory cnt directly
ERROR:HDLCompiler:252 - "C:\Users\86135\Desktop\CO\self\pre_study\verilog\cscore_count\count.v" Line 33: Cannot assign a packed type to an unpacked type
ERROR:HDLCompiler:255 - "C:\Users\86135\Desktop\CO\self\pre_study\verilog\cscore_count\count.v" Line 45: Cannot assign to memory cnt directly
ERROR:HDLCompiler:251 - "C:\Users\86135\Desktop\CO\self\pre_study\verilog\cscore_count\count.v" Line 45: Cannot access memory cnt directly
ERROR:HDLCompiler:971 - "C:\Users\86135\Desktop\CO\self\pre_study\verilog\cscore_count\count.v" Line 45: Illegal operand for operator +
ERROR:HDLCompiler:1373 - "C:\Users\86135\Desktop\CO\self\pre_study\verilog\cscore_count\count.v" Line 45: Unpacked value/target cannot be used in assignment
ERROR:HDLCompiler:251 - "C:\Users\86135\Desktop\CO\self\pre_study\verilog\cscore_count\count.v" Line 46: Cannot access memory cnt directly
ERROR:HDLCompiler:971 - "C:\Users\86135\Desktop\CO\self\pre_study\verilog\cscore_count\count.v" Line 46: Illegal operand for operator ==
ERROR:HDLCompiler:255 - "C:\Users\86135\Desktop\CO\self\pre_study\verilog\cscore_count\count.v" Line 48: Cannot assign to memory cnt directly
ERROR:HDLCompiler:252 - "C:\Users\86135\Desktop\CO\self\pre_study\verilog\cscore_count\count.v" Line 48: Cannot assign a packed type to an unpacked type
ERROR:HDLCompiler:598 - "C:\Users\86135\Desktop\CO\self\pre_study\verilog\cscore_count\count.v" Line 21: Module <count> ignored due to previous errors.
Verilog file C:\Users\86135\Desktop\CO\self\pre_study\verilog\cscore_count\count.v ignored due to errors
--> 

Total memory usage is 4497788 kilobytes

Number of errors   :   11 (   0 filtered)
Number of warnings :    0 (   0 filtered)
Number of infos    :    0 (   0 filtered)

